# JRE version: Java(TM) SE Runtime Environment (8.0_181-b13) (build 1.8.0_181-b13)
# Java VM: Java HotSpot(TM) 64-Bit Server VM (25.181-b13 mixed mode windows-amd64 compressed oops)
Heap:
 PSYoungGen      total 382976K, used 75076K [0x00000000d5d00000, 0x00000000f0980000, 0x0000000100000000)
  eden space 350720K, 15% used [0x00000000d5d00000,0x00000000d9087b08,0x00000000eb380000)
  from space 32256K, 69% used [0x00000000eea00000,0x00000000effc9780,0x00000000f0980000)
  to   space 44032K, 0% used [0x00000000eb380000,0x00000000eb380000,0x00000000ede80000)
 ParOldGen       total 150016K, used 72093K [0x0000000081600000, 0x000000008a880000, 0x00000000d5d00000)
  object space 150016K, 48% used [0x0000000081600000,0x0000000085c67650,0x000000008a880000)
 Metaspace       used 47654K, capacity 48504K, committed 48896K, reserved 1091584K
  class space    used 5546K, capacity 5798K, committed 5888K, reserved 1048576K
GC Heap History (10 events):
Event: 6.944 GC heap before
{Heap before GC invocations=10 (full 1):
 PSYoungGen      total 206848K, used 206829K [0x00000000d5d00000, 0x00000000e5f80000, 0x0000000100000000)
  eden space 189440K, 100% used [0x00000000d5d00000,0x00000000e1600000,0x00000000e1600000)
  from space 17408K, 99% used [0x00000000e2f00000,0x00000000e3ffb5d8,0x00000000e4000000)
  to   space 25600K, 0% used [0x00000000e1600000,0x00000000e1600000,0x00000000e2f00000)
 ParOldGen       total 69120K, used 37282K [0x0000000081600000, 0x0000000085980000, 0x00000000d5d00000)
  object space 69120K, 53% used [0x0000000081600000,0x0000000083a68b78,0x0000000085980000)
 Metaspace       used 29858K, capacity 30450K, committed 30720K, reserved 1077248K
  class space    used 3513K, capacity 3713K, committed 3840K, reserved 1048576K
Event: 6.993 GC heap after
Heap after GC invocations=10 (full 1):
 PSYoungGen      total 215040K, used 25578K [0x00000000d5d00000, 0x00000000ead80000, 0x0000000100000000)
  eden space 189440K, 0% used [0x00000000d5d00000,0x00000000d5d00000,0x00000000e1600000)
  from space 25600K, 99% used [0x00000000e1600000,0x00000000e2efab10,0x00000000e2f00000)
  to   space 36352K, 0% used [0x00000000e8a00000,0x00000000e8a00000,0x00000000ead80000)
 ParOldGen       total 69120K, used 53591K [0x0000000081600000, 0x0000000085980000, 0x00000000d5d00000)
  object space 69120K, 77% used [0x0000000081600000,0x0000000084a55fb0,0x0000000085980000)
 Metaspace       used 29858K, capacity 30450K, committed 30720K, reserved 1077248K
  class space    used 3513K, capacity 3713K, committed 3840K, reserved 1048576K
}
Event: 6.993 GC heap before
{Heap before GC invocations=11 (full 2):
 PSYoungGen      total 215040K, used 25578K [0x00000000d5d00000, 0x00000000ead80000, 0x0000000100000000)
  eden space 189440K, 0% used [0x00000000d5d00000,0x00000000d5d00000,0x00000000e1600000)
  from space 25600K, 99% used [0x00000000e1600000,0x00000000e2efab10,0x00000000e2f00000)
  to   space 36352K, 0% used [0x00000000e8a00000,0x00000000e8a00000,0x00000000ead80000)
 ParOldGen       total 69120K, used 53591K [0x0000000081600000, 0x0000000085980000, 0x00000000d5d00000)
  object space 69120K, 77% used [0x0000000081600000,0x0000000084a55fb0,0x0000000085980000)
 Metaspace       used 29858K, capacity 30450K, committed 30720K, reserved 1077248K
  class space    used 3513K, capacity 3713K, committed 3840K, reserved 1048576K
Event: 7.093 GC heap after
Heap after GC invocations=11 (full 2):
 PSYoungGen      total 215040K, used 0K [0x00000000d5d00000, 0x00000000ead80000, 0x0000000100000000)
  eden space 189440K, 0% used [0x00000000d5d00000,0x00000000d5d00000,0x00000000e1600000)
  from space 25600K, 0% used [0x00000000e1600000,0x00000000e1600000,0x00000000e2f00000)
  to   space 36352K, 0% used [0x00000000e8a00000,0x00000000e8a00000,0x00000000ead80000)
 ParOldGen       total 150016K, used 62169K [0x0000000081600000, 0x000000008a880000, 0x00000000d5d00000)
  object space 150016K, 41% used [0x0000000081600000,0x00000000852b65b8,0x000000008a880000)
 Metaspace       used 29858K, capacity 30450K, committed 30720K, reserved 1077248K
  class space    used 3513K, capacity 3713K, committed 3840K, reserved 1048576K
}
Event: 7.508 GC heap before
{Heap before GC invocations=12 (full 2):
 PSYoungGen      total 215040K, used 189440K [0x00000000d5d00000, 0x00000000ead80000, 0x0000000100000000)
  eden space 189440K, 100% used [0x00000000d5d00000,0x00000000e1600000,0x00000000e1600000)
  from space 25600K, 0% used [0x00000000e1600000,0x00000000e1600000,0x00000000e2f00000)
  to   space 36352K, 0% used [0x00000000e8a00000,0x00000000e8a00000,0x00000000ead80000)
 ParOldGen       total 150016K, used 62169K [0x0000000081600000, 0x000000008a880000, 0x00000000d5d00000)
  object space 150016K, 41% used [0x0000000081600000,0x00000000852b65b8,0x000000008a880000)
 Metaspace       used 29874K, capacity 30518K, committed 30720K, reserved 1077248K
  class space    used 3515K, capacity 3713K, committed 3840K, reserved 1048576K
Event: 7.531 GC heap after
Heap after GC invocations=12 (full 2):
 PSYoungGen      total 290304K, used 30221K [0x00000000d5d00000, 0x00000000ea800000, 0x0000000100000000)
  eden space 259584K, 0% used [0x00000000d5d00000,0x00000000d5d00000,0x00000000e5a80000)
  from space 30720K, 98% used [0x00000000e8a00000,0x00000000ea783608,0x00000000ea800000)
  to   space 39424K, 0% used [0x00000000e5b00000,0x00000000e5b00000,0x00000000e8180000)
 ParOldGen       total 150016K, used 62177K [0x0000000081600000, 0x000000008a880000, 0x00000000d5d00000)
  object space 150016K, 41% used [0x0000000081600000,0x00000000852b85b8,0x000000008a880000)
 Metaspace       used 29874K, capacity 30518K, committed 30720K, reserved 1077248K
  class space    used 3515K, capacity 3713K, committed 3840K, reserved 1048576K
}
Event: 8.076 GC heap before
{Heap before GC invocations=13 (full 2):
 PSYoungGen      total 290304K, used 289805K [0x00000000d5d00000, 0x00000000ea800000, 0x0000000100000000)
  eden space 259584K, 100% used [0x00000000d5d00000,0x00000000e5a80000,0x00000000e5a80000)
  from space 30720K, 98% used [0x00000000e8a00000,0x00000000ea783608,0x00000000ea800000)
  to   space 39424K, 0% used [0x00000000e5b00000,0x00000000e5b00000,0x00000000e8180000)
 ParOldGen       total 150016K, used 62177K [0x0000000081600000, 0x000000008a880000, 0x00000000d5d00000)
  object space 150016K, 41% used [0x0000000081600000,0x00000000852b85b8,0x000000008a880000)
 Metaspace       used 29928K, capacity 30582K, committed 30720K, reserved 1077248K
  class space    used 3520K, capacity 3713K, committed 3840K, reserved 1048576K
Event: 8.107 GC heap after
Heap after GC invocations=13 (full 2):
 PSYoungGen      total 299520K, used 38281K [0x00000000d5d00000, 0x00000000f1680000, 0x0000000100000000)
  eden space 260096K, 0% used [0x00000000d5d00000,0x00000000d5d00000,0x00000000e5b00000)
  from space 39424K, 97% used [0x00000000e5b00000,0x00000000e8062450,0x00000000e8180000)
  to   space 45568K, 0% used [0x00000000eea00000,0x00000000eea00000,0x00000000f1680000)
 ParOldGen       total 150016K, used 66377K [0x0000000081600000, 0x000000008a880000, 0x00000000d5d00000)
  object space 150016K, 44% used [0x0000000081600000,0x00000000856d2738,0x000000008a880000)
 Metaspace       used 29928K, capacity 30582K, committed 30720K, reserved 1077248K
  class space    used 3520K, capacity 3713K, committed 3840K, reserved 1048576K
}
Event: 337.306 GC heap before
{Heap before GC invocations=14 (full 2):
 PSYoungGen      total 299520K, used 298377K [0x00000000d5d00000, 0x00000000f1680000, 0x0000000100000000)
  eden space 260096K, 100% used [0x00000000d5d00000,0x00000000e5b00000,0x00000000e5b00000)
  from space 39424K, 97% used [0x00000000e5b00000,0x00000000e8062450,0x00000000e8180000)
  to   space 45568K, 0% used [0x00000000eea00000,0x00000000eea00000,0x00000000f1680000)
 ParOldGen       total 150016K, used 66377K [0x0000000081600000, 0x000000008a880000, 0x00000000d5d00000)
  object space 150016K, 44% used [0x0000000081600000,0x00000000856d2738,0x000000008a880000)
 Metaspace       used 46984K, capacity 47762K, committed 48128K, reserved 1091584K
  class space    used 5542K, capacity 5765K, committed 5888K, reserved 1048576K
Event: 337.411 GC heap after
Heap after GC invocations=14 (full 2):
 PSYoungGen      total 382976K, used 22309K [0x00000000d5d00000, 0x00000000f0980000, 0x0000000100000000)
  eden space 350720K, 0% used [0x00000000d5d00000,0x00000000d5d00000,0x00000000eb380000)
  from space 32256K, 69% used [0x00000000eea00000,0x00000000effc9780,0x00000000f0980000)
  to   space 44032K, 0% used [0x00000000eb380000,0x00000000eb380000,0x00000000ede80000)
 ParOldGen       total 150016K, used 72093K [0x0000000081600000, 0x000000008a880000, 0x00000000d5d00000)
  object space 150016K, 48% used [0x0000000081600000,0x0000000085c67650,0x000000008a880000)
 Metaspace       used 46984K, capacity 47762K, committed 48128K, reserved 1091584K
  class space    used 5542K, capacity 5765K, committed 5888K, reserved 1048576K
}

